<?xml version="1.0" encoding="UTF-8"?>
<testng-results ignored="0" total="1" passed="1" failed="0" skipped="0">
  <reporter-output>
  </reporter-output>
  <suite started-at="2022-11-26T22:22:07 IST" name="Default suite" finished-at="2022-11-26T22:22:20 IST" duration-ms="12920">
    <groups>
    </groups>
    <test started-at="2022-11-26T22:22:07 IST" name="Default test" finished-at="2022-11-26T22:22:20 IST" duration-ms="12920">
      <class name="login_test_class.LOGIN_TEST_PERFORM">
        <test-method is-config="true" signature="openbroweser()[pri:0, instance:login_test_class.LOGIN_TEST_PERFORM@72967906]" started-at="2022-11-26T22:22:07 IST" name="openbroweser" finished-at="2022-11-26T22:22:15 IST" duration-ms="7969" status="PASS">
          <reporter-output>
          </reporter-output>
        </test-method> <!-- openbroweser -->
        <test-method is-config="true" signature="switch_to_frame()[pri:0, instance:login_test_class.LOGIN_TEST_PERFORM@72967906]" started-at="2022-11-26T22:22:15 IST" name="switch_to_frame" finished-at="2022-11-26T22:22:19 IST" duration-ms="3325" status="PASS">
          <reporter-output>
          </reporter-output>
        </test-method> <!-- switch_to_frame -->
        <test-method signature="loginwothcredential()[pri:0, instance:login_test_class.LOGIN_TEST_PERFORM@72967906]" started-at="2022-11-26T22:22:19 IST" name="loginwothcredential" finished-at="2022-11-26T22:22:20 IST" duration-ms="1556" status="PASS">
          <reporter-output>
          </reporter-output>
        </test-method> <!-- loginwothcredential -->
      </class> <!-- login_test_class.LOGIN_TEST_PERFORM -->
    </test> <!-- Default test -->
  </suite> <!-- Default suite -->
</testng-results>
